samples/android-15/ActionBarCompat/app/build/outputs/logs/manifest-merger-debug-report.txt
-- Merging decision tree log ---
manifest
ADDED from src\main\AndroidManifest.xml:17:1-34:12
INJECTED from src\main\AndroidManifest.xml:17:1-34:12
INJECTED from src\main\AndroidManifest.xml:17:1-34:12
INJECTED from src\main\AndroidManifest.xml:17:1-34:12
INJECTED from src\main\AndroidManifest.xml:17:1-34:12
INJECTED from src\main\AndroidManifest.xml:17:1-34:12
INJECTED from src\main\AndroidManifest.xml:17:1-34:12
	package
		ADDED from src\main\AndroidManifest.xml:18:5-50
		INJECTED from src\main\AndroidManifest.xml
		INJECTED from src\main\AndroidManifest.xml
	android:versionName
		ADDED from src\main\AndroidManifest.xml:20:5-30
		INJECTED from src\main\AndroidManifest.xml
		INJECTED from src\main\AndroidManifest.xml
	xmlns:android
		ADDED from src\main\AndroidManifest.xml:17:11-69
	android:versionCode
		ADDED from src\main\AndroidManifest.xml:19:5-28
		INJECTED from src\main\AndroidManifest.xml
		INJECTED from src\main\AndroidManifest.xml
uses-sdk
ADDED from src\main\AndroidManifest.xml:22:5-73
INJECTED from src\main\AndroidManifest.xml:22:5-73
INJECTED from src\main\AndroidManifest.xml:22:5-73
INJECTED from src\main\AndroidManifest.xml:22:5-73
INJECTED from src\main\AndroidManifest.xml:22:5-73
	android:targetSdkVersion
		ADDED from src\main\AndroidManifest.xml:22:41-70
		INJECTED from src\main\AndroidManifest.xml
		INJECTED from src\main\AndroidManifest.xml
	android:minSdkVersion
		ADDED from src\main\AndroidManifest.xml:22:15-40
		INJECTED from src\main\AndroidManifest.xml
		INJECTED from src\main\AndroidManifest.xml
application
ADDED from src\main\AndroidManifest.xml:24:5-33:19
	android:label
		ADDED from src\main\AndroidManifest.xml:24:18-50
	android:icon
		ADDED from src\main\AndroidManifest.xml:25:9-45
	android:theme
		ADDED from src\main\AndroidManifest.xml:26:9-40
activity#com.example.android.actionbarcompat.MainActivity
ADDED from src\main\AndroidManifest.xml:27:9-32:20
	android:label
		ADDED from src\main\AndroidManifest.xml:27:48-80
	android:name
		ADDED from src\main\AndroidManifest.xml:27:19-47
intent-filter#action:name:android.intent.action.MAIN+category:name:android.intent.category.LAUNCHER
ADDED from src\main\AndroidManifest.xml:28:13-31:29
action#android.intent.action.MAIN
ADDED from src\main\AndroidManifest.xml:29:17-69
	android:name
		ADDED from src\main\AndroidManifest.xml:29:25-66
category#android.intent.category.LAUNCHER
ADDED from src\main\AndroidManifest.xml:30:17-77
	android:name
		ADDED from src\main\AndroidManifest.xml:30:27-74